<?xml version="1.0" encoding="UTF-8"?>
<testsuite xmlns:xsi="http://www.w3.org/2001/XMLSchema-instance" xsi:noNamespaceSchemaLocation="https://maven.apache.org/surefire/maven-surefire-plugin/xsd/surefire-test-report-3.0.xsd" version="3.0" name="com.acheron.camunda.connectors.mongodb.TestMongoFunctions" time="2.614" tests="7" errors="0" skipped="0" failures="0">
  <properties>
[...]
</properties>
  <testcase name="testCreateNullCollection" classname="com.acheron.camunda.connectors.mongodb.TestMongoFunctions" time="2.395">
    <system-err><![CDATA[SLF4J: Failed to load class "org.slf4j.impl.StaticLoggerBinder".
SLF4J: Defaulting to no-operation (NOP) logger implementation
SLF4J: See http://www.slf4j.org/codes.html#StaticLoggerBinder for further details.
]]></system-err>
  </testcase>
  <testcase name="testBasicDelete" classname="com.acheron.camunda.connectors.mongodb.TestMongoFunctions" time="0.108"/>
  <testcase name="testBasicUpdate" classname="com.acheron.camunda.connectors.mongodb.TestMongoFunctions" time="0.013"/>
  <testcase name="testBasicRetrieval" classname="com.acheron.camunda.connectors.mongodb.TestMongoFunctions" time="0.017"/>
  <testcase name="testCreate" classname="com.acheron.camunda.connectors.mongodb.TestMongoFunctions" time="0.007"/>
  <testcase name="testInsert" classname="com.acheron.camunda.connectors.mongodb.TestMongoFunctions" time="0.009"/>
  <testcase name="testCreateNullDatabase" classname="com.acheron.camunda.connectors.mongodb.TestMongoFunctions" time="0.007"/>
</testsuite>